[  3087.234] 
X.Org X Server 1.18.3
Release Date: 2016-04-04
[  3087.239] X Protocol Version 11, Revision 0
[  3087.241] Build Operating System: Linux 4.5.1-1-ARCH x86_64 
[  3087.242] Current Operating System: Linux Arch 4.6.3-1-ARCH #1 SMP PREEMPT Fri Jun 24 21:19:13 CEST 2016 x86_64
[  3087.242] Kernel command line: \vmlinuz-linux ro root=UUID=3c523ea0-d42b-44ec-9d6f-682dd8cb9313    initrd=\initramfs-linux.img
[  3087.246] Build Date: 03 June 2016  07:28:24AM
[  3087.247]  
[  3087.249] Current version of pixman: 0.34.0
[  3087.252] 	Before reporting problems, check http://wiki.x.org
	to make sure that you have the latest version.
[  3087.252] Markers: (--) probed, (**) from config file, (==) default setting,
	(++) from command line, (!!) notice, (II) informational,
	(WW) warning, (EE) error, (NI) not implemented, (??) unknown.
[  3087.259] (==) Log file: "/home/gengxiaoqi/.local/share/xorg/Xorg.1.log", Time: Sat Jul  9 12:35:40 2016
[  3087.261] (==) Using system config directory "/usr/share/X11/xorg.conf.d"
[  3087.261] (==) No Layout section.  Using the first Screen section.
[  3087.261] (==) No screen section available. Using defaults.
[  3087.261] (**) |-->Screen "Default Screen Section" (0)
[  3087.261] (**) |   |-->Monitor "<default monitor>"
[  3087.261] (==) No monitor specified for screen "Default Screen Section".
	Using a default monitor configuration.
[  3087.261] (==) Automatically adding devices
[  3087.261] (==) Automatically enabling devices
[  3087.261] (==) Automatically adding GPU devices
[  3087.261] (==) Max clients allowed: 256, resource mask: 0x1fffff
[  3087.261] (WW) The directory "/usr/share/fonts/Type1/" does not exist.
[  3087.261] 	Entry deleted from font path.
[  3087.261] (WW) `fonts.dir' not found (or not valid) in "/usr/share/fonts/100dpi/".
[  3087.261] 	Entry deleted from font path.
[  3087.261] 	(Run 'mkfontdir' on "/usr/share/fonts/100dpi/").
[  3087.261] (WW) `fonts.dir' not found (or not valid) in "/usr/share/fonts/75dpi/".
[  3087.261] 	Entry deleted from font path.
[  3087.261] 	(Run 'mkfontdir' on "/usr/share/fonts/75dpi/").
[  3087.261] (==) FontPath set to:
	/usr/share/fonts/misc/,
	/usr/share/fonts/TTF/,
	/usr/share/fonts/OTF/
[  3087.261] (==) ModulePath set to "/usr/lib/xorg/modules"
[  3087.261] (II) The server relies on udev to provide the list of input devices.
	If no devices become available, reconfigure udev or disable AutoAddDevices.
[  3087.261] (II) Loader magic: 0x821d20
[  3087.261] (II) Module ABI versions:
[  3087.261] 	X.Org ANSI C Emulation: 0.4
[  3087.261] 	X.Org Video Driver: 20.0
[  3087.261] 	X.Org XInput driver : 22.1
[  3087.261] 	X.Org Server Extension : 9.0
[  3087.262] (++) using VT number 2

[  3087.262] (--) controlling tty is VT number 2, auto-enabling KeepTty
[  3087.263] (II) systemd-logind: took control of session /org/freedesktop/login1/session/c2
[  3087.263] (II) xfree86: Adding drm device (/dev/dri/card0)
[  3087.263] (II) systemd-logind: got fd for /dev/dri/card0 226:0 fd 8 paused 0
[  3087.265] (--) PCI:*(0:0:2:0) 8086:1616:17aa:2226 rev 9, Mem @ 0xf0000000/16777216, 0xe0000000/268435456, I/O @ 0x00003000/64, BIOS @ 0x????????/131072
[  3087.265] (WW) Open ACPI failed (/var/run/acpid.socket) (No such file or directory)
[  3087.265] (II) LoadModule: "glx"
[  3087.265] (II) Loading /usr/lib/xorg/modules/extensions/libglx.so
[  3087.266] (II) Module glx: vendor="X.Org Foundation"
[  3087.266] 	compiled for 1.18.3, module version = 1.0.0
[  3087.266] 	ABI class: X.Org Server Extension, version 9.0
[  3087.266] (==) AIGLX enabled
[  3087.266] (==) Matched intel as autoconfigured driver 0
[  3087.266] (==) Matched intel as autoconfigured driver 1
[  3087.266] (==) Matched modesetting as autoconfigured driver 2
[  3087.266] (==) Matched fbdev as autoconfigured driver 3
[  3087.266] (==) Matched vesa as autoconfigured driver 4
[  3087.266] (==) Assigned the driver to the xf86ConfigLayout
[  3087.266] (II) LoadModule: "intel"
[  3087.266] (II) Loading /usr/lib/xorg/modules/drivers/intel_drv.so
[  3087.266] (II) Module intel: vendor="X.Org Foundation"
[  3087.266] 	compiled for 1.18.3, module version = 2.99.917
[  3087.266] 	Module class: X.Org Video Driver
[  3087.267] 	ABI class: X.Org Video Driver, version 20.0
[  3087.267] (II) LoadModule: "modesetting"
[  3087.267] (II) Loading /usr/lib/xorg/modules/drivers/modesetting_drv.so
[  3087.267] (II) Module modesetting: vendor="X.Org Foundation"
[  3087.267] 	compiled for 1.18.3, module version = 1.18.3
[  3087.267] 	Module class: X.Org Video Driver
[  3087.267] 	ABI class: X.Org Video Driver, version 20.0
[  3087.267] (II) LoadModule: "fbdev"
[  3087.267] (WW) Warning, couldn't open module fbdev
[  3087.267] (II) UnloadModule: "fbdev"
[  3087.267] (II) Unloading fbdev
[  3087.267] (EE) Failed to load module "fbdev" (module does not exist, 0)
[  3087.267] (II) LoadModule: "vesa"
[  3087.267] (WW) Warning, couldn't open module vesa
[  3087.267] (II) UnloadModule: "vesa"
[  3087.267] (II) Unloading vesa
[  3087.267] (EE) Failed to load module "vesa" (module does not exist, 0)
[  3087.267] (II) intel: Driver for Intel(R) Integrated Graphics Chipsets:
	i810, i810-dc100, i810e, i815, i830M, 845G, 854, 852GM/855GM, 865G,
	915G, E7221 (i915), 915GM, 945G, 945GM, 945GME, Pineview GM,
	Pineview G, 965G, G35, 965Q, 946GZ, 965GM, 965GME/GLE, G33, Q35, Q33,
	GM45, 4 Series, G45/G43, Q45/Q43, G41, B43
[  3087.267] (II) intel: Driver for Intel(R) HD Graphics: 2000-6000
[  3087.267] (II) intel: Driver for Intel(R) Iris(TM) Graphics: 5100, 6100
[  3087.267] (II) intel: Driver for Intel(R) Iris(TM) Pro Graphics: 5200, 6200, P6300
[  3087.267] (II) modesetting: Driver for Modesetting Kernel Drivers: kms
[  3087.267] xf86EnableIOPorts: failed to set IOPL for I/O (Operation not permitted)
[  3087.267] (II) intel(0): Using Kernel Mode Setting driver: i915, version 1.6.0 20160229
[  3087.267] (II) intel(0): SNA compiled from 2.99.917-674-g9154dff
[  3087.267] (WW) Falling back to old probe method for modesetting
[  3087.267] (WW) VGA arbiter: cannot open kernel arbiter, no multi-card support
[  3087.267] (--) intel(0): Integrated Graphics Chipset: Intel(R) HD Graphics 5500
[  3087.268] (--) intel(0): CPU: x86-64, sse2, sse3, ssse3, sse4.1, sse4.2, avx, avx2; using a maximum of 2 threads
[  3087.268] (II) intel(0): Creating default Display subsection in Screen section
	"Default Screen Section" for depth/fbbpp 24/32
[  3087.268] (==) intel(0): Depth 24, (--) framebuffer bpp 32
[  3087.268] (==) intel(0): RGB weight 888
[  3087.268] (==) intel(0): Default visual is TrueColor
[  3087.268] (II) intel(0): Output eDP1 has no monitor section
[  3087.279] (--) intel(0): Found backlight control interface intel_backlight (type 'raw') for output eDP1
[  3087.279] (II) intel(0): Enabled output eDP1
[  3087.279] (II) intel(0): Output DP1 has no monitor section
[  3087.279] (II) intel(0): Enabled output DP1
[  3087.279] (II) intel(0): Output HDMI1 has no monitor section
[  3087.279] (II) intel(0): Enabled output HDMI1
[  3087.279] (II) intel(0): Output DP2 has no monitor section
[  3087.279] (II) intel(0): Enabled output DP2
[  3087.279] (II) intel(0): Output HDMI2 has no monitor section
[  3087.279] (II) intel(0): Enabled output HDMI2
[  3087.279] (--) intel(0): Using a maximum size of 256x256 for hardware cursors
[  3087.280] (II) intel(0): Output VIRTUAL1 has no monitor section
[  3087.280] (II) intel(0): Enabled output VIRTUAL1
[  3087.280] (--) intel(0): Output eDP1 using initial mode 1920x1080 on pipe 0
[  3087.280] (==) intel(0): TearFree disabled
[  3087.280] (==) intel(0): DPI set to (96, 96)
[  3087.280] (II) Loading sub module "dri2"
[  3087.280] (II) LoadModule: "dri2"
[  3087.280] (II) Module "dri2" already built-in
[  3087.280] (II) Loading sub module "present"
[  3087.280] (II) LoadModule: "present"
[  3087.280] (II) Module "present" already built-in
[  3087.280] (II) UnloadModule: "modesetting"
[  3087.280] (II) Unloading modesetting
[  3087.280] (==) Depth 24 pixmap format is 32 bpp
[  3087.280] (II) intel(0): SNA initialized with Broadwell (gen8) backend
[  3087.280] (==) intel(0): Backing store enabled
[  3087.280] (==) intel(0): Silken mouse enabled
[  3087.280] (II) intel(0): HW Cursor enabled
[  3087.280] (II) intel(0): RandR 1.2 enabled, ignore the following RandR disabled message.
[  3087.280] (==) intel(0): DPMS enabled
[  3087.280] (==) intel(0): Display hotplug detection enabled
[  3087.280] (II) intel(0): [DRI2] Setup complete
[  3087.280] (II) intel(0): [DRI2]   DRI driver: i965
[  3087.280] (II) intel(0): [DRI2]   VDPAU driver: va_gl
[  3087.280] (II) intel(0): direct rendering: DRI2 enabled
[  3087.280] (II) intel(0): hardware support for Present enabled
[  3087.280] (--) RandR disabled
[  3087.290] (II) AIGLX: enabled GLX_MESA_copy_sub_buffer
[  3087.290] (II) AIGLX: enabled GLX_ARB_create_context
[  3087.290] (II) AIGLX: enabled GLX_ARB_create_context_profile
[  3087.290] (II) AIGLX: enabled GLX_EXT_create_context_es{,2}_profile
[  3087.290] (II) AIGLX: enabled GLX_INTEL_swap_event
[  3087.290] (II) AIGLX: enabled GLX_SGI_swap_control and GLX_MESA_swap_control
[  3087.290] (II) AIGLX: enabled GLX_EXT_framebuffer_sRGB
[  3087.290] (II) AIGLX: enabled GLX_ARB_fbconfig_float
[  3087.290] (II) AIGLX: enabled GLX_EXT_fbconfig_packed_float
[  3087.290] (II) AIGLX: GLX_EXT_texture_from_pixmap backed by buffer objects
[  3087.290] (II) AIGLX: enabled GLX_ARB_create_context_robustness
[  3087.290] (II) AIGLX: Loaded and initialized i965
[  3087.290] (II) GLX: Initialized DRI2 GL provider for screen 0
[  3087.293] (II) intel(0): switch to mode 1920x1080@60.0 on eDP1 using pipe 0, position (0, 0), rotation normal, reflection none
[  3087.293] (II) intel(0): Setting screen physical size to 508 x 285
[  3087.319] (II) config/udev: Adding input device Power Button (/dev/input/event3)
[  3087.319] (**) Power Button: Applying InputClass "evdev keyboard catchall"
[  3087.319] (II) LoadModule: "evdev"
[  3087.319] (II) Loading /usr/lib/xorg/modules/input/evdev_drv.so
[  3087.319] (II) Module evdev: vendor="X.Org Foundation"
[  3087.319] 	compiled for 1.18.3, module version = 2.10.3
[  3087.319] 	Module class: X.Org XInput Driver
[  3087.319] 	ABI class: X.Org XInput driver, version 22.1
[  3087.319] (II) systemd-logind: got fd for /dev/input/event3 13:67 fd 12 paused 0
[  3087.319] (II) Using input driver 'evdev' for 'Power Button'
[  3087.319] (**) Power Button: always reports core events
[  3087.319] (**) evdev: Power Button: Device: "/dev/input/event3"
[  3087.319] (--) evdev: Power Button: Vendor 0 Product 0x1
[  3087.319] (--) evdev: Power Button: Found keys
[  3087.319] (II) evdev: Power Button: Configuring as keyboard
[  3087.319] (**) Option "config_info" "udev:/sys/devices/LNXSYSTM:00/LNXPWRBN:00/input/input4/event3"
[  3087.319] (II) XINPUT: Adding extended input device "Power Button" (type: KEYBOARD, id 6)
[  3087.319] (**) Option "xkb_rules" "evdev"
[  3087.320] (II) config/udev: Adding input device Video Bus (/dev/input/event11)
[  3087.320] (**) Video Bus: Applying InputClass "evdev keyboard catchall"
[  3087.320] (II) systemd-logind: got fd for /dev/input/event11 13:75 fd 13 paused 0
[  3087.320] (II) Using input driver 'evdev' for 'Video Bus'
[  3087.320] (**) Video Bus: always reports core events
[  3087.320] (**) evdev: Video Bus: Device: "/dev/input/event11"
[  3087.320] (--) evdev: Video Bus: Vendor 0 Product 0x6
[  3087.320] (--) evdev: Video Bus: Found keys
[  3087.320] (II) evdev: Video Bus: Configuring as keyboard
[  3087.320] (**) Option "config_info" "udev:/sys/devices/LNXSYSTM:00/LNXSYBUS:00/PNP0A08:00/LNXVIDEO:00/input/input13/event11"
[  3087.320] (II) XINPUT: Adding extended input device "Video Bus" (type: KEYBOARD, id 7)
[  3087.320] (**) Option "xkb_rules" "evdev"
[  3087.321] (II) config/udev: Adding input device Lid Switch (/dev/input/event1)
[  3087.321] (II) No input driver specified, ignoring this device.
[  3087.321] (II) This device may have been added with another device file.
[  3087.321] (II) config/udev: Adding input device Sleep Button (/dev/input/event2)
[  3087.321] (**) Sleep Button: Applying InputClass "evdev keyboard catchall"
[  3087.321] (II) systemd-logind: got fd for /dev/input/event2 13:66 fd 14 paused 0
[  3087.321] (II) Using input driver 'evdev' for 'Sleep Button'
[  3087.321] (**) Sleep Button: always reports core events
[  3087.321] (**) evdev: Sleep Button: Device: "/dev/input/event2"
[  3087.321] (--) evdev: Sleep Button: Vendor 0 Product 0x3
[  3087.321] (--) evdev: Sleep Button: Found keys
[  3087.321] (II) evdev: Sleep Button: Configuring as keyboard
[  3087.321] (**) Option "config_info" "udev:/sys/devices/LNXSYSTM:00/LNXSYBUS:00/PNP0C0E:00/input/input3/event2"
[  3087.321] (II) XINPUT: Adding extended input device "Sleep Button" (type: KEYBOARD, id 8)
[  3087.321] (**) Option "xkb_rules" "evdev"
[  3087.322] (II) config/udev: Adding input device HDA Intel HDMI HDMI/DP,pcm=3 (/dev/input/event15)
[  3087.322] (II) No input driver specified, ignoring this device.
[  3087.322] (II) This device may have been added with another device file.
[  3087.322] (II) config/udev: Adding input device HDA Intel HDMI HDMI/DP,pcm=7 (/dev/input/event16)
[  3087.322] (II) No input driver specified, ignoring this device.
[  3087.322] (II) This device may have been added with another device file.
[  3087.322] (II) config/udev: Adding input device HDA Intel HDMI HDMI/DP,pcm=8 (/dev/input/event17)
[  3087.322] (II) No input driver specified, ignoring this device.
[  3087.322] (II) This device may have been added with another device file.
[  3087.323] (II) config/udev: Adding input device Integrated Camera (/dev/input/event12)
[  3087.323] (**) Integrated Camera: Applying InputClass "evdev keyboard catchall"
[  3087.323] (II) systemd-logind: got fd for /dev/input/event12 13:76 fd 15 paused 0
[  3087.323] (II) Using input driver 'evdev' for 'Integrated Camera'
[  3087.323] (**) Integrated Camera: always reports core events
[  3087.323] (**) evdev: Integrated Camera: Device: "/dev/input/event12"
[  3087.323] (--) evdev: Integrated Camera: Vendor 0x5986 Product 0x366
[  3087.323] (--) evdev: Integrated Camera: Found keys
[  3087.323] (II) evdev: Integrated Camera: Configuring as keyboard
[  3087.323] (**) Option "config_info" "udev:/sys/devices/pci0000:00/0000:00:14.0/usb1/1-8/1-8:1.0/input/input14/event12"
[  3087.323] (II) XINPUT: Adding extended input device "Integrated Camera" (type: KEYBOARD, id 9)
[  3087.323] (**) Option "xkb_rules" "evdev"
[  3087.323] (II) config/udev: Adding input device HDA Intel PCH Mic (/dev/input/event8)
[  3087.323] (II) No input driver specified, ignoring this device.
[  3087.323] (II) This device may have been added with another device file.
[  3087.324] (II) config/udev: Adding input device HDA Intel PCH Dock Headphone (/dev/input/event9)
[  3087.324] (II) No input driver specified, ignoring this device.
[  3087.324] (II) This device may have been added with another device file.
[  3087.324] (II) config/udev: Adding input device HDA Intel PCH Headphone (/dev/input/event10)
[  3087.324] (II) No input driver specified, ignoring this device.
[  3087.324] (II) This device may have been added with another device file.
[  3087.324] (II) config/udev: Adding input device HDA Digital PCBeep (/dev/input/event6)
[  3087.324] (II) No input driver specified, ignoring this device.
[  3087.324] (II) This device may have been added with another device file.
[  3087.324] (II) config/udev: Adding input device HDA Intel PCH Dock Mic (/dev/input/event7)
[  3087.324] (II) No input driver specified, ignoring this device.
[  3087.324] (II) This device may have been added with another device file.
[  3087.324] (II) config/udev: Adding input device AT Translated Set 2 keyboard (/dev/input/event0)
[  3087.324] (**) AT Translated Set 2 keyboard: Applying InputClass "evdev keyboard catchall"
[  3087.325] (II) systemd-logind: got fd for /dev/input/event0 13:64 fd 16 paused 0
[  3087.325] (II) Using input driver 'evdev' for 'AT Translated Set 2 keyboard'
[  3087.325] (**) AT Translated Set 2 keyboard: always reports core events
[  3087.325] (**) evdev: AT Translated Set 2 keyboard: Device: "/dev/input/event0"
[  3087.325] (--) evdev: AT Translated Set 2 keyboard: Vendor 0x1 Product 0x1
[  3087.325] (--) evdev: AT Translated Set 2 keyboard: Found keys
[  3087.325] (II) evdev: AT Translated Set 2 keyboard: Configuring as keyboard
[  3087.325] (**) Option "config_info" "udev:/sys/devices/platform/i8042/serio0/input/input0/event0"
[  3087.325] (II) XINPUT: Adding extended input device "AT Translated Set 2 keyboard" (type: KEYBOARD, id 10)
[  3087.325] (**) Option "xkb_rules" "evdev"
[  3087.325] (II) config/udev: Adding input device SynPS/2 Synaptics TouchPad (/dev/input/event13)
[  3087.325] (**) SynPS/2 Synaptics TouchPad: Applying InputClass "evdev touchpad catchall"
[  3087.325] (**) SynPS/2 Synaptics TouchPad: Applying InputClass "evdev touchscreen catchall"
[  3087.325] (**) SynPS/2 Synaptics TouchPad: Applying InputClass "touchpad catchall"
[  3087.325] (**) SynPS/2 Synaptics TouchPad: Applying InputClass "Default clickpad buttons"
[  3087.325] (II) LoadModule: "synaptics"
[  3087.325] (II) Loading /usr/lib/xorg/modules/input/synaptics_drv.so
[  3087.325] (II) Module synaptics: vendor="X.Org Foundation"
[  3087.325] 	compiled for 1.18.3, module version = 1.8.99
[  3087.325] 	Module class: X.Org XInput Driver
[  3087.325] 	ABI class: X.Org XInput driver, version 22.1
[  3087.326] (II) systemd-logind: got fd for /dev/input/event13 13:77 fd 17 paused 0
[  3087.326] (II) Using input driver 'synaptics' for 'SynPS/2 Synaptics TouchPad'
[  3087.326] (**) SynPS/2 Synaptics TouchPad: always reports core events
[  3087.326] (**) Option "Device" "/dev/input/event13"
[  3087.326] (II) synaptics: SynPS/2 Synaptics TouchPad: found clickpad property
[  3087.326] (--) synaptics: SynPS/2 Synaptics TouchPad: x-axis range 1232 - 5712 (res 53)
[  3087.326] (--) synaptics: SynPS/2 Synaptics TouchPad: y-axis range 1074 - 4780 (res 73)
[  3087.326] (--) synaptics: SynPS/2 Synaptics TouchPad: pressure range 0 - 255
[  3087.326] (--) synaptics: SynPS/2 Synaptics TouchPad: finger width range 0 - 15
[  3087.326] (--) synaptics: SynPS/2 Synaptics TouchPad: buttons: left double triple
[  3087.326] (--) synaptics: SynPS/2 Synaptics TouchPad: Vendor 0x2 Product 0x7
[  3087.326] (**) Option "SoftButtonAreas" "50% 0 82% 0 0 0 0 0"
[  3087.326] (--) synaptics: SynPS/2 Synaptics TouchPad: touchpad found
[  3087.326] (**) SynPS/2 Synaptics TouchPad: always reports core events
[  3087.326] (**) Option "config_info" "udev:/sys/devices/platform/i8042/serio1/input/input7/event13"
[  3087.326] (II) XINPUT: Adding extended input device "SynPS/2 Synaptics TouchPad" (type: TOUCHPAD, id 11)
[  3087.326] (**) synaptics: SynPS/2 Synaptics TouchPad: (accel) MinSpeed is now constant deceleration 2.5
[  3087.326] (**) synaptics: SynPS/2 Synaptics TouchPad: (accel) MaxSpeed is now 1.75
[  3087.326] (**) synaptics: SynPS/2 Synaptics TouchPad: (accel) AccelFactor is now 0.034
[  3087.326] (**) SynPS/2 Synaptics TouchPad: (accel) keeping acceleration scheme 1
[  3087.326] (**) SynPS/2 Synaptics TouchPad: (accel) acceleration profile 1
[  3087.326] (**) SynPS/2 Synaptics TouchPad: (accel) acceleration factor: 2.000
[  3087.326] (**) SynPS/2 Synaptics TouchPad: (accel) acceleration threshold: 4
[  3087.326] (--) synaptics: SynPS/2 Synaptics TouchPad: touchpad found
[  3087.326] (II) config/udev: Adding input device SynPS/2 Synaptics TouchPad (/dev/input/mouse0)
[  3087.326] (**) SynPS/2 Synaptics TouchPad: Ignoring device from InputClass "touchpad ignore duplicates"
[  3087.327] (II) config/udev: Adding input device TPPS/2 IBM TrackPoint (/dev/input/event14)
[  3087.327] (**) TPPS/2 IBM TrackPoint: Applying InputClass "evdev pointer catchall"
[  3087.327] (II) systemd-logind: got fd for /dev/input/event14 13:78 fd 18 paused 0
[  3087.327] (II) Using input driver 'evdev' for 'TPPS/2 IBM TrackPoint'
[  3087.327] (**) TPPS/2 IBM TrackPoint: always reports core events
[  3087.327] (**) evdev: TPPS/2 IBM TrackPoint: Device: "/dev/input/event14"
[  3087.327] (--) evdev: TPPS/2 IBM TrackPoint: Vendor 0x2 Product 0xa
[  3087.327] (--) evdev: TPPS/2 IBM TrackPoint: Found 3 mouse buttons
[  3087.327] (--) evdev: TPPS/2 IBM TrackPoint: Found relative axes
[  3087.327] (--) evdev: TPPS/2 IBM TrackPoint: Found x and y relative axes
[  3087.327] (II) evdev: TPPS/2 IBM TrackPoint: Configuring as mouse
[  3087.327] (**) evdev: TPPS/2 IBM TrackPoint: YAxisMapping: buttons 4 and 5
[  3087.327] (**) evdev: TPPS/2 IBM TrackPoint: EmulateWheelButton: 4, EmulateWheelInertia: 10, EmulateWheelTimeout: 200
[  3087.327] (**) Option "config_info" "udev:/sys/devices/platform/i8042/serio1/serio2/input/input15/event14"
[  3087.327] (II) XINPUT: Adding extended input device "TPPS/2 IBM TrackPoint" (type: MOUSE, id 12)
[  3087.327] (II) evdev: TPPS/2 IBM TrackPoint: initialized for relative axes.
[  3087.327] (**) TPPS/2 IBM TrackPoint: (accel) keeping acceleration scheme 1
[  3087.327] (**) TPPS/2 IBM TrackPoint: (accel) acceleration profile 0
[  3087.327] (**) TPPS/2 IBM TrackPoint: (accel) acceleration factor: 2.000
[  3087.327] (**) TPPS/2 IBM TrackPoint: (accel) acceleration threshold: 4
[  3087.327] (II) config/udev: Adding input device TPPS/2 IBM TrackPoint (/dev/input/mouse1)
[  3087.327] (II) No input driver specified, ignoring this device.
[  3087.327] (II) This device may have been added with another device file.
[  3087.328] (II) config/udev: Adding input device PC Speaker (/dev/input/event5)
[  3087.328] (II) No input driver specified, ignoring this device.
[  3087.328] (II) This device may have been added with another device file.
[  3087.328] (II) config/udev: Adding input device ThinkPad Extra Buttons (/dev/input/event4)
[  3087.328] (**) ThinkPad Extra Buttons: Applying InputClass "evdev keyboard catchall"
[  3087.328] (II) systemd-logind: got fd for /dev/input/event4 13:68 fd 19 paused 0
[  3087.328] (II) Using input driver 'evdev' for 'ThinkPad Extra Buttons'
[  3087.328] (**) ThinkPad Extra Buttons: always reports core events
[  3087.328] (**) evdev: ThinkPad Extra Buttons: Device: "/dev/input/event4"
[  3087.328] (--) evdev: ThinkPad Extra Buttons: Vendor 0x17aa Product 0x5054
[  3087.328] (--) evdev: ThinkPad Extra Buttons: Found keys
[  3087.328] (II) evdev: ThinkPad Extra Buttons: Configuring as keyboard
[  3087.328] (**) Option "config_info" "udev:/sys/devices/platform/thinkpad_acpi/input/input5/event4"
[  3087.328] (II) XINPUT: Adding extended input device "ThinkPad Extra Buttons" (type: KEYBOARD, id 13)
[  3087.328] (**) Option "xkb_rules" "evdev"
[  3089.282] (II) intel(0): EDID vendor "LGD", prod id 1079
[  3089.282] (II) intel(0): Printing DDC gathered Modelines:
[  3089.282] (II) intel(0): Modeline "1920x1080"x0.0  138.46  1920 1968 2000 2106  1080 1083 1088 1095 +hsync -vsync (65.7 kHz eP)
[  7078.318] (II) evdev: ThinkPad Extra Buttons: Close
[  7078.318] (II) UnloadModule: "evdev"
[  7078.318] (II) systemd-logind: releasing fd for 13:68
[  7078.318] (EE) systemd-logind: failed to release device: Connection is closed
[  7078.318] (II) evdev: TPPS/2 IBM TrackPoint: Close
[  7078.318] (II) UnloadModule: "evdev"
[  7078.318] (II) systemd-logind: releasing fd for 13:78
[  7078.318] (EE) systemd-logind: failed to release device: Connection is closed
[  7078.318] (II) UnloadModule: "synaptics"
[  7078.318] (II) systemd-logind: releasing fd for 13:77
[  7078.318] (EE) systemd-logind: failed to release device: Connection is closed
[  7078.318] (II) evdev: AT Translated Set 2 keyboard: Close
[  7078.318] (II) UnloadModule: "evdev"
[  7078.318] (II) systemd-logind: releasing fd for 13:64
[  7078.318] (EE) systemd-logind: failed to release device: Connection is closed
[  7078.318] (II) evdev: Integrated Camera: Close
[  7078.319] (II) UnloadModule: "evdev"
[  7078.319] (II) systemd-logind: releasing fd for 13:76
[  7078.319] (EE) systemd-logind: failed to release device: Connection is closed
[  7078.319] (II) evdev: Sleep Button: Close
[  7078.319] (II) UnloadModule: "evdev"
[  7078.319] (II) systemd-logind: releasing fd for 13:66
[  7078.319] (EE) systemd-logind: failed to release device: Connection is closed
[  7078.319] (II) evdev: Video Bus: Close
[  7078.319] (II) UnloadModule: "evdev"
[  7078.319] (II) systemd-logind: releasing fd for 13:75
[  7078.319] (EE) systemd-logind: failed to release device: Connection is closed
[  7078.319] (II) evdev: Power Button: Close
[  7078.319] (II) UnloadModule: "evdev"
[  7078.319] (II) systemd-logind: releasing fd for 13:67
[  7078.319] (EE) systemd-logind: failed to release device: Connection is closed
[  7078.384] (WW) xf86CloseConsole: KDSETMODE failed: Input/output error
[  7078.384] (WW) xf86CloseConsole: VT_GETMODE failed: Input/output error
[  7078.384] (WW) xf86CloseConsole: VT_ACTIVATE failed: Input/output error
[  7078.384] (EE) systemd-logind: ReleaseControl failed: Connection is closed
[  7078.384] (II) Server terminated successfully (0). Closing log file.
