[    22.517] 
X.Org X Server 1.18.4
Release Date: 2016-07-19
[    22.517] X Protocol Version 11, Revision 0
[    22.517] Build Operating System: Linux 4.5.4-1-ARCH x86_64 
[    22.517] Current Operating System: Linux Arch 4.7.6-1-ARCH #1 SMP PREEMPT Fri Sep 30 19:28:42 CEST 2016 x86_64
[    22.517] Kernel command line: \vmlinuz-linux ro root=UUID=3c523ea0-d42b-44ec-9d6f-682dd8cb9313    initrd=\initramfs-linux.img
[    22.518] Build Date: 19 July 2016  05:54:24PM
[    22.518]  
[    22.518] Current version of pixman: 0.34.0
[    22.518] 	Before reporting problems, check http://wiki.x.org
	to make sure that you have the latest version.
[    22.518] Markers: (--) probed, (**) from config file, (==) default setting,
	(++) from command line, (!!) notice, (II) informational,
	(WW) warning, (EE) error, (NI) not implemented, (??) unknown.
[    22.518] (==) Log file: "/home/gengxiaoqi/.local/share/xorg/Xorg.0.log", Time: Sun Oct  9 18:02:21 2016
[    22.520] (==) Using system config directory "/usr/share/X11/xorg.conf.d"
[    22.520] (==) No Layout section.  Using the first Screen section.
[    22.520] (==) No screen section available. Using defaults.
[    22.520] (**) |-->Screen "Default Screen Section" (0)
[    22.520] (**) |   |-->Monitor "<default monitor>"
[    22.521] (==) No monitor specified for screen "Default Screen Section".
	Using a default monitor configuration.
[    22.521] (==) Automatically adding devices
[    22.521] (==) Automatically enabling devices
[    22.521] (==) Automatically adding GPU devices
[    22.521] (==) Max clients allowed: 256, resource mask: 0x1fffff
[    22.522] (WW) `fonts.dir' not found (or not valid) in "/usr/share/fonts/100dpi/".
[    22.522] 	Entry deleted from font path.
[    22.522] 	(Run 'mkfontdir' on "/usr/share/fonts/100dpi/").
[    22.522] (WW) `fonts.dir' not found (or not valid) in "/usr/share/fonts/75dpi/".
[    22.522] 	Entry deleted from font path.
[    22.522] 	(Run 'mkfontdir' on "/usr/share/fonts/75dpi/").
[    22.522] (==) FontPath set to:
	/usr/share/fonts/misc/,
	/usr/share/fonts/TTF/,
	/usr/share/fonts/OTF/,
	/usr/share/fonts/Type1/
[    22.522] (==) ModulePath set to "/usr/lib/xorg/modules"
[    22.522] (II) The server relies on udev to provide the list of input devices.
	If no devices become available, reconfigure udev or disable AutoAddDevices.
[    22.522] (II) Loader magic: 0x821d40
[    22.522] (II) Module ABI versions:
[    22.522] 	X.Org ANSI C Emulation: 0.4
[    22.522] 	X.Org Video Driver: 20.0
[    22.523] 	X.Org XInput driver : 22.1
[    22.523] 	X.Org Server Extension : 9.0
[    22.523] (++) using VT number 1

[    22.523] (--) controlling tty is VT number 1, auto-enabling KeepTty
[    22.524] (II) systemd-logind: took control of session /org/freedesktop/login1/session/c1
[    22.525] (II) xfree86: Adding drm device (/dev/dri/card0)
[    22.525] (II) systemd-logind: got fd for /dev/dri/card0 226:0 fd 8 paused 0
[    22.527] (--) PCI:*(0:0:2:0) 8086:1616:17aa:2226 rev 9, Mem @ 0xf0000000/16777216, 0xe0000000/268435456, I/O @ 0x00003000/64, BIOS @ 0x????????/131072
[    22.527] (WW) Open ACPI failed (/var/run/acpid.socket) (No such file or directory)
[    22.527] (II) LoadModule: "glx"
[    22.527] (II) Loading /usr/lib/xorg/modules/extensions/libglx.so
[    22.533] (II) Module glx: vendor="X.Org Foundation"
[    22.533] 	compiled for 1.18.4, module version = 1.0.0
[    22.533] 	ABI class: X.Org Server Extension, version 9.0
[    22.533] (==) AIGLX enabled
[    22.533] (==) Matched intel as autoconfigured driver 0
[    22.533] (==) Matched intel as autoconfigured driver 1
[    22.533] (==) Matched modesetting as autoconfigured driver 2
[    22.533] (==) Matched fbdev as autoconfigured driver 3
[    22.533] (==) Matched vesa as autoconfigured driver 4
[    22.533] (==) Assigned the driver to the xf86ConfigLayout
[    22.533] (II) LoadModule: "intel"
[    22.533] (WW) Warning, couldn't open module intel
[    22.533] (II) UnloadModule: "intel"
[    22.533] (II) Unloading intel
[    22.533] (EE) Failed to load module "intel" (module does not exist, 0)
[    22.533] (II) LoadModule: "modesetting"
[    22.533] (II) Loading /usr/lib/xorg/modules/drivers/modesetting_drv.so
[    22.534] (II) Module modesetting: vendor="X.Org Foundation"
[    22.534] 	compiled for 1.18.4, module version = 1.18.4
[    22.534] 	Module class: X.Org Video Driver
[    22.534] 	ABI class: X.Org Video Driver, version 20.0
[    22.534] (II) LoadModule: "fbdev"
[    22.534] (WW) Warning, couldn't open module fbdev
[    22.534] (II) UnloadModule: "fbdev"
[    22.534] (II) Unloading fbdev
[    22.534] (EE) Failed to load module "fbdev" (module does not exist, 0)
[    22.534] (II) LoadModule: "vesa"
[    22.534] (WW) Warning, couldn't open module vesa
[    22.534] (II) UnloadModule: "vesa"
[    22.534] (II) Unloading vesa
[    22.534] (EE) Failed to load module "vesa" (module does not exist, 0)
[    22.534] (II) modesetting: Driver for Modesetting Kernel Drivers: kms
[    22.534] (II) modeset(0): using drv /dev/dri/card0
[    22.534] (WW) VGA arbiter: cannot open kernel arbiter, no multi-card support
[    22.534] (II) modeset(0): Creating default Display subsection in Screen section
	"Default Screen Section" for depth/fbbpp 24/32
[    22.534] (==) modeset(0): Depth 24, (==) framebuffer bpp 32
[    22.534] (==) modeset(0): RGB weight 888
[    22.534] (==) modeset(0): Default visual is TrueColor
[    22.534] (II) Loading sub module "glamoregl"
[    22.534] (II) LoadModule: "glamoregl"
[    22.534] (II) Loading /usr/lib/xorg/modules/libglamoregl.so
[    22.541] (II) Module glamoregl: vendor="X.Org Foundation"
[    22.541] 	compiled for 1.18.4, module version = 1.0.0
[    22.541] 	ABI class: X.Org ANSI C Emulation, version 0.4
[    22.541] (II) glamor: OpenGL accelerated X.org driver based.
[    22.561] (II) glamor: EGL version 1.4 (DRI2):
[    22.568] (II) modeset(0): glamor initialized
[    22.569] (II) modeset(0): Output eDP-1 has no monitor section
[    22.569] (II) modeset(0): Output DP-1 has no monitor section
[    22.673] (II) modeset(0): Output HDMI-1 has no monitor section
[    22.673] (II) modeset(0): Output DP-2 has no monitor section
[    22.780] (II) modeset(0): Output HDMI-2 has no monitor section
[    22.794] (II) modeset(0): EDID for output eDP-1
[    22.794] (II) modeset(0): Manufacturer: LGD  Model: 437  Serial#: 0
[    22.794] (II) modeset(0): Year: 2013  Week: 0
[    22.794] (II) modeset(0): EDID Version: 1.4
[    22.794] (II) modeset(0): Digital Display Input
[    22.794] (II) modeset(0): 6 bits per channel
[    22.794] (II) modeset(0): Digital interface is DisplayPort
[    22.794] (II) modeset(0): Max Image Size [cm]: horiz.: 28  vert.: 16
[    22.794] (II) modeset(0): Gamma: 2.20
[    22.794] (II) modeset(0): No DPMS capabilities specified
[    22.794] (II) modeset(0): Supported color encodings: RGB 4:4:4 
[    22.794] (II) modeset(0): First detailed timing is preferred mode
[    22.794] (II) modeset(0): Preferred mode is native pixel format and refresh rate
[    22.794] (II) modeset(0): redX: 0.604 redY: 0.351   greenX: 0.335 greenY: 0.558
[    22.794] (II) modeset(0): blueX: 0.148 blueY: 0.113   whiteX: 0.313 whiteY: 0.329
[    22.794] (II) modeset(0): Manufacturer's mask: 0
[    22.794] (II) modeset(0): Supported detailed timing:
[    22.794] (II) modeset(0): clock: 138.5 MHz   Image Size:  276 x 156 mm
[    22.794] (II) modeset(0): h_active: 1920  h_sync: 1968  h_sync_end 2000 h_blank_end 2106 h_border: 0
[    22.794] (II) modeset(0): v_active: 1080  v_sync: 1083  v_sync_end 1088 v_blanking: 1095 v_border: 0
[    22.794] (II) modeset(0):  LG Display
[    22.794] (II) modeset(0):  LP125WF2-SPB2
[    22.794] (II) modeset(0): EDID (in hex):
[    22.794] (II) modeset(0): 	00ffffffffffff0030e4370400000000
[    22.794] (II) modeset(0): 	00170104951c107802bf059a59558e26
[    22.794] (II) modeset(0): 	1d505400000001010101010101010101
[    22.794] (II) modeset(0): 	010101010101163680ba70380f403020
[    22.794] (II) modeset(0): 	3500149c1000001a0000000000000000
[    22.794] (II) modeset(0): 	00000000000000000000000000fe004c
[    22.794] (II) modeset(0): 	4720446973706c61790a2020000000fe
[    22.794] (II) modeset(0): 	004c503132355746322d5350423200dd
[    22.794] (II) modeset(0): Printing probed modes for output eDP-1
[    22.794] (II) modeset(0): Modeline "1920x1080"x60.0  138.46  1920 1968 2000 2106  1080 1083 1088 1095 +hsync -vsync (65.7 kHz eP)
[    22.794] (II) modeset(0): Modeline "1400x1050"x60.0  122.00  1400 1488 1640 1880  1050 1052 1064 1082 +hsync +vsync (64.9 kHz d)
[    22.794] (II) modeset(0): Modeline "1280x1024"x60.0  108.00  1280 1328 1440 1688  1024 1025 1028 1066 +hsync +vsync (64.0 kHz d)
[    22.794] (II) modeset(0): Modeline "1280x960"x60.0  108.00  1280 1376 1488 1800  960 961 964 1000 +hsync +vsync (60.0 kHz d)
[    22.794] (II) modeset(0): Modeline "1024x768"x120.1  133.47  1024 1100 1212 1400  768 768 770 794 doublescan -hsync +vsync (95.3 kHz d)
[    22.794] (II) modeset(0): Modeline "1024x768"x60.0   65.00  1024 1048 1184 1344  768 771 777 806 -hsync -vsync (48.4 kHz d)
[    22.794] (II) modeset(0): Modeline "960x720"x120.0  117.00  960 1024 1128 1300  720 720 722 750 doublescan -hsync +vsync (90.0 kHz d)
[    22.794] (II) modeset(0): Modeline "928x696"x120.1  109.15  928 976 1088 1264  696 696 698 719 doublescan -hsync +vsync (86.4 kHz d)
[    22.794] (II) modeset(0): Modeline "896x672"x120.0  102.40  896 960 1060 1224  672 672 674 697 doublescan -hsync +vsync (83.7 kHz d)
[    22.794] (II) modeset(0): Modeline "800x600"x120.0   81.00  800 832 928 1080  600 600 602 625 doublescan +hsync +vsync (75.0 kHz d)
[    22.794] (II) modeset(0): Modeline "800x600"x60.3   40.00  800 840 968 1056  600 601 605 628 +hsync +vsync (37.9 kHz d)
[    22.794] (II) modeset(0): Modeline "800x600"x56.2   36.00  800 824 896 1024  600 601 603 625 +hsync +vsync (35.2 kHz d)
[    22.794] (II) modeset(0): Modeline "700x525"x120.0   61.00  700 744 820 940  525 526 532 541 doublescan +hsync +vsync (64.9 kHz d)
[    22.794] (II) modeset(0): Modeline "640x512"x120.0   54.00  640 664 720 844  512 512 514 533 doublescan +hsync +vsync (64.0 kHz d)
[    22.794] (II) modeset(0): Modeline "640x480"x120.0   54.00  640 688 744 900  480 480 482 500 doublescan +hsync +vsync (60.0 kHz d)
[    22.794] (II) modeset(0): Modeline "640x480"x59.9   25.18  640 656 752 800  480 490 492 525 -hsync -vsync (31.5 kHz d)
[    22.794] (II) modeset(0): Modeline "512x384"x120.0   32.50  512 524 592 672  384 385 388 403 doublescan -hsync -vsync (48.4 kHz d)
[    22.794] (II) modeset(0): Modeline "400x300"x120.6   20.00  400 420 484 528  300 300 302 314 doublescan +hsync +vsync (37.9 kHz d)
[    22.794] (II) modeset(0): Modeline "400x300"x112.7   18.00  400 412 448 512  300 300 301 312 doublescan +hsync +vsync (35.2 kHz d)
[    22.794] (II) modeset(0): Modeline "320x240"x120.1   12.59  320 328 376 400  240 245 246 262 doublescan -hsync -vsync (31.5 kHz d)
[    22.794] (II) modeset(0): EDID for output DP-1
[    22.900] (II) modeset(0): EDID for output HDMI-1
[    22.900] (II) modeset(0): EDID for output DP-2
[    23.006] (II) modeset(0): EDID for output HDMI-2
[    23.006] (II) modeset(0): Output eDP-1 connected
[    23.006] (II) modeset(0): Output DP-1 disconnected
[    23.006] (II) modeset(0): Output HDMI-1 disconnected
[    23.006] (II) modeset(0): Output DP-2 disconnected
[    23.006] (II) modeset(0): Output HDMI-2 disconnected
[    23.006] (II) modeset(0): Using exact sizes for initial modes
[    23.006] (II) modeset(0): Output eDP-1 using initial mode 1920x1080 +0+0
[    23.006] (II) modeset(0): Using default gamma of (1.0, 1.0, 1.0) unless otherwise stated.
[    23.006] (==) modeset(0): DPI set to (96, 96)
[    23.006] (II) Loading sub module "fb"
[    23.006] (II) LoadModule: "fb"
[    23.006] (II) Loading /usr/lib/xorg/modules/libfb.so
[    23.009] (II) Module fb: vendor="X.Org Foundation"
[    23.009] 	compiled for 1.18.4, module version = 1.0.0
[    23.009] 	ABI class: X.Org ANSI C Emulation, version 0.4
[    23.009] (==) Depth 24 pixmap format is 32 bpp
[    23.086] (==) modeset(0): Backing store enabled
[    23.086] (==) modeset(0): Silken mouse enabled
[    23.088] (II) modeset(0): RandR 1.2 enabled, ignore the following RandR disabled message.
[    23.088] (==) modeset(0): DPMS enabled
[    23.089] (II) modeset(0): [DRI2] Setup complete
[    23.089] (II) modeset(0): [DRI2]   DRI driver: i965
[    23.089] (II) modeset(0): [DRI2]   VDPAU driver: i965
[    23.098] (--) RandR disabled
[    23.106] (II) AIGLX: enabled GLX_MESA_copy_sub_buffer
[    23.106] (II) AIGLX: enabled GLX_ARB_create_context
[    23.106] (II) AIGLX: enabled GLX_ARB_create_context_profile
[    23.106] (II) AIGLX: enabled GLX_EXT_create_context_es{,2}_profile
[    23.106] (II) AIGLX: enabled GLX_INTEL_swap_event
[    23.106] (II) AIGLX: enabled GLX_SGI_swap_control and GLX_MESA_swap_control
[    23.106] (II) AIGLX: enabled GLX_EXT_framebuffer_sRGB
[    23.106] (II) AIGLX: enabled GLX_ARB_fbconfig_float
[    23.106] (II) AIGLX: enabled GLX_EXT_fbconfig_packed_float
[    23.106] (II) AIGLX: GLX_EXT_texture_from_pixmap backed by buffer objects
[    23.106] (II) AIGLX: enabled GLX_ARB_create_context_robustness
[    23.106] (II) AIGLX: Loaded and initialized i965
[    23.106] (II) GLX: Initialized DRI2 GL provider for screen 0
[    23.107] (II) modeset(0): Damage tracking initialized
[    23.107] (II) modeset(0): Setting screen physical size to 508 x 285
[    23.147] (II) config/udev: Adding input device Power Button (/dev/input/event3)
[    23.147] (**) Power Button: Applying InputClass "evdev keyboard catchall"
[    23.147] (II) LoadModule: "evdev"
[    23.147] (II) Loading /usr/lib/xorg/modules/input/evdev_drv.so
[    23.149] (II) Module evdev: vendor="X.Org Foundation"
[    23.149] 	compiled for 1.18.4, module version = 2.10.4
[    23.149] 	Module class: X.Org XInput Driver
[    23.149] 	ABI class: X.Org XInput driver, version 22.1
[    23.149] (II) systemd-logind: got fd for /dev/input/event3 13:67 fd 12 paused 0
[    23.149] (II) Using input driver 'evdev' for 'Power Button'
[    23.149] (**) Power Button: always reports core events
[    23.149] (**) evdev: Power Button: Device: "/dev/input/event3"
[    23.150] (--) evdev: Power Button: Vendor 0 Product 0x1
[    23.150] (--) evdev: Power Button: Found keys
[    23.150] (II) evdev: Power Button: Configuring as keyboard
[    23.150] (**) Option "config_info" "udev:/sys/devices/LNXSYSTM:00/LNXPWRBN:00/input/input4/event3"
[    23.150] (II) XINPUT: Adding extended input device "Power Button" (type: KEYBOARD, id 6)
[    23.150] (**) Option "xkb_rules" "evdev"
[    23.150] (II) config/udev: Adding input device Video Bus (/dev/input/event6)
[    23.150] (**) Video Bus: Applying InputClass "evdev keyboard catchall"
[    23.151] (II) systemd-logind: got fd for /dev/input/event6 13:70 fd 13 paused 0
[    23.151] (II) Using input driver 'evdev' for 'Video Bus'
[    23.151] (**) Video Bus: always reports core events
[    23.151] (**) evdev: Video Bus: Device: "/dev/input/event6"
[    23.151] (--) evdev: Video Bus: Vendor 0 Product 0x6
[    23.151] (--) evdev: Video Bus: Found keys
[    23.151] (II) evdev: Video Bus: Configuring as keyboard
[    23.151] (**) Option "config_info" "udev:/sys/devices/LNXSYSTM:00/LNXSYBUS:00/PNP0A08:00/LNXVIDEO:00/input/input8/event6"
[    23.151] (II) XINPUT: Adding extended input device "Video Bus" (type: KEYBOARD, id 7)
[    23.151] (**) Option "xkb_rules" "evdev"
[    23.151] (II) config/udev: Adding input device Lid Switch (/dev/input/event1)
[    23.151] (II) No input driver specified, ignoring this device.
[    23.151] (II) This device may have been added with another device file.
[    23.151] (II) config/udev: Adding input device Sleep Button (/dev/input/event2)
[    23.151] (**) Sleep Button: Applying InputClass "evdev keyboard catchall"
[    23.152] (II) systemd-logind: got fd for /dev/input/event2 13:66 fd 14 paused 0
[    23.152] (II) Using input driver 'evdev' for 'Sleep Button'
[    23.152] (**) Sleep Button: always reports core events
[    23.152] (**) evdev: Sleep Button: Device: "/dev/input/event2"
[    23.152] (--) evdev: Sleep Button: Vendor 0 Product 0x3
[    23.152] (--) evdev: Sleep Button: Found keys
[    23.152] (II) evdev: Sleep Button: Configuring as keyboard
[    23.152] (**) Option "config_info" "udev:/sys/devices/LNXSYSTM:00/LNXSYBUS:00/PNP0C0E:00/input/input3/event2"
[    23.152] (II) XINPUT: Adding extended input device "Sleep Button" (type: KEYBOARD, id 8)
[    23.152] (**) Option "xkb_rules" "evdev"
[    23.152] (II) config/udev: Adding input device HDA Intel HDMI HDMI/DP,pcm=3 (/dev/input/event15)
[    23.152] (II) No input driver specified, ignoring this device.
[    23.152] (II) This device may have been added with another device file.
[    23.153] (II) config/udev: Adding input device HDA Intel HDMI HDMI/DP,pcm=7 (/dev/input/event16)
[    23.153] (II) No input driver specified, ignoring this device.
[    23.153] (II) This device may have been added with another device file.
[    23.153] (II) config/udev: Adding input device HDA Intel HDMI HDMI/DP,pcm=8 (/dev/input/event17)
[    23.153] (II) No input driver specified, ignoring this device.
[    23.153] (II) This device may have been added with another device file.
[    23.153] (II) config/udev: Adding input device Integrated Camera (/dev/input/event12)
[    23.153] (**) Integrated Camera: Applying InputClass "evdev keyboard catchall"
[    23.154] (II) systemd-logind: got fd for /dev/input/event12 13:76 fd 15 paused 0
[    23.154] (II) Using input driver 'evdev' for 'Integrated Camera'
[    23.154] (**) Integrated Camera: always reports core events
[    23.154] (**) evdev: Integrated Camera: Device: "/dev/input/event12"
[    23.154] (--) evdev: Integrated Camera: Vendor 0x5986 Product 0x366
[    23.154] (--) evdev: Integrated Camera: Found keys
[    23.154] (II) evdev: Integrated Camera: Configuring as keyboard
[    23.154] (**) Option "config_info" "udev:/sys/devices/pci0000:00/0000:00:14.0/usb2/2-8/2-8:1.0/input/input14/event12"
[    23.154] (II) XINPUT: Adding extended input device "Integrated Camera" (type: KEYBOARD, id 9)
[    23.154] (**) Option "xkb_rules" "evdev"
[    23.154] (II) config/udev: Adding input device HDA Intel PCH Dock Mic (/dev/input/event8)
[    23.154] (II) No input driver specified, ignoring this device.
[    23.154] (II) This device may have been added with another device file.
[    23.154] (II) config/udev: Adding input device HDA Intel PCH Mic (/dev/input/event9)
[    23.154] (II) No input driver specified, ignoring this device.
[    23.154] (II) This device may have been added with another device file.
[    23.154] (II) config/udev: Adding input device HDA Intel PCH Dock Headphone (/dev/input/event10)
[    23.154] (II) No input driver specified, ignoring this device.
[    23.154] (II) This device may have been added with another device file.
[    23.154] (II) config/udev: Adding input device HDA Intel PCH Headphone (/dev/input/event11)
[    23.154] (II) No input driver specified, ignoring this device.
[    23.154] (II) This device may have been added with another device file.
[    23.155] (II) config/udev: Adding input device HDA Digital PCBeep (/dev/input/event7)
[    23.155] (II) No input driver specified, ignoring this device.
[    23.155] (II) This device may have been added with another device file.
[    23.155] (II) config/udev: Adding input device AT Translated Set 2 keyboard (/dev/input/event0)
[    23.155] (**) AT Translated Set 2 keyboard: Applying InputClass "evdev keyboard catchall"
[    23.155] (II) systemd-logind: got fd for /dev/input/event0 13:64 fd 16 paused 0
[    23.155] (II) Using input driver 'evdev' for 'AT Translated Set 2 keyboard'
[    23.155] (**) AT Translated Set 2 keyboard: always reports core events
[    23.155] (**) evdev: AT Translated Set 2 keyboard: Device: "/dev/input/event0"
[    23.155] (--) evdev: AT Translated Set 2 keyboard: Vendor 0x1 Product 0x1
[    23.155] (--) evdev: AT Translated Set 2 keyboard: Found keys
[    23.155] (II) evdev: AT Translated Set 2 keyboard: Configuring as keyboard
[    23.155] (**) Option "config_info" "udev:/sys/devices/platform/i8042/serio0/input/input0/event0"
[    23.155] (II) XINPUT: Adding extended input device "AT Translated Set 2 keyboard" (type: KEYBOARD, id 10)
[    23.155] (**) Option "xkb_rules" "evdev"
[    23.156] (II) config/udev: Adding input device SynPS/2 Synaptics TouchPad (/dev/input/event13)
[    23.156] (**) SynPS/2 Synaptics TouchPad: Applying InputClass "evdev touchpad catchall"
[    23.156] (**) SynPS/2 Synaptics TouchPad: Applying InputClass "touchpad catchall"
[    23.156] (**) SynPS/2 Synaptics TouchPad: Applying InputClass "Default clickpad buttons"
[    23.156] (II) LoadModule: "synaptics"
[    23.156] (II) Loading /usr/lib/xorg/modules/input/synaptics_drv.so
[    23.156] (II) Module synaptics: vendor="X.Org Foundation"
[    23.156] 	compiled for 1.18.3, module version = 1.8.99
[    23.156] 	Module class: X.Org XInput Driver
[    23.156] 	ABI class: X.Org XInput driver, version 22.1
[    23.157] (II) systemd-logind: got fd for /dev/input/event13 13:77 fd 17 paused 0
[    23.157] (II) Using input driver 'synaptics' for 'SynPS/2 Synaptics TouchPad'
[    23.157] (**) SynPS/2 Synaptics TouchPad: always reports core events
[    23.157] (**) Option "Device" "/dev/input/event13"
[    23.157] (II) synaptics: SynPS/2 Synaptics TouchPad: found clickpad property
[    23.157] (--) synaptics: SynPS/2 Synaptics TouchPad: x-axis range 1232 - 5712 (res 53)
[    23.157] (--) synaptics: SynPS/2 Synaptics TouchPad: y-axis range 1074 - 4780 (res 73)
[    23.157] (--) synaptics: SynPS/2 Synaptics TouchPad: pressure range 0 - 255
[    23.157] (--) synaptics: SynPS/2 Synaptics TouchPad: finger width range 0 - 15
[    23.157] (--) synaptics: SynPS/2 Synaptics TouchPad: buttons: left double triple
[    23.157] (--) synaptics: SynPS/2 Synaptics TouchPad: Vendor 0x2 Product 0x7
[    23.157] (**) Option "SoftButtonAreas" "50% 0 82% 0 0 0 0 0"
[    23.157] (--) synaptics: SynPS/2 Synaptics TouchPad: touchpad found
[    23.157] (**) SynPS/2 Synaptics TouchPad: always reports core events
[    23.157] (**) Option "config_info" "udev:/sys/devices/platform/i8042/serio1/input/input7/event13"
[    23.157] (II) XINPUT: Adding extended input device "SynPS/2 Synaptics TouchPad" (type: TOUCHPAD, id 11)
[    23.157] (**) synaptics: SynPS/2 Synaptics TouchPad: (accel) MinSpeed is now constant deceleration 2.5
[    23.157] (**) synaptics: SynPS/2 Synaptics TouchPad: (accel) MaxSpeed is now 1.75
[    23.157] (**) synaptics: SynPS/2 Synaptics TouchPad: (accel) AccelFactor is now 0.034
[    23.157] (**) SynPS/2 Synaptics TouchPad: (accel) keeping acceleration scheme 1
[    23.157] (**) SynPS/2 Synaptics TouchPad: (accel) acceleration profile 1
[    23.157] (**) SynPS/2 Synaptics TouchPad: (accel) acceleration factor: 2.000
[    23.157] (**) SynPS/2 Synaptics TouchPad: (accel) acceleration threshold: 4
[    23.157] (--) synaptics: SynPS/2 Synaptics TouchPad: touchpad found
[    23.157] (II) config/udev: Adding input device SynPS/2 Synaptics TouchPad (/dev/input/mouse0)
[    23.157] (**) SynPS/2 Synaptics TouchPad: Ignoring device from InputClass "touchpad ignore duplicates"
[    23.158] (II) config/udev: Adding input device TPPS/2 IBM TrackPoint (/dev/input/event14)
[    23.158] (**) TPPS/2 IBM TrackPoint: Applying InputClass "evdev pointer catchall"
[    23.158] (II) systemd-logind: got fd for /dev/input/event14 13:78 fd 18 paused 0
[    23.158] (II) Using input driver 'evdev' for 'TPPS/2 IBM TrackPoint'
[    23.158] (**) TPPS/2 IBM TrackPoint: always reports core events
[    23.158] (**) evdev: TPPS/2 IBM TrackPoint: Device: "/dev/input/event14"
[    23.158] (--) evdev: TPPS/2 IBM TrackPoint: Vendor 0x2 Product 0xa
[    23.158] (--) evdev: TPPS/2 IBM TrackPoint: Found 3 mouse buttons
[    23.158] (--) evdev: TPPS/2 IBM TrackPoint: Found relative axes
[    23.158] (--) evdev: TPPS/2 IBM TrackPoint: Found x and y relative axes
[    23.158] (II) evdev: TPPS/2 IBM TrackPoint: Configuring as mouse
[    23.158] (**) evdev: TPPS/2 IBM TrackPoint: YAxisMapping: buttons 4 and 5
[    23.158] (**) evdev: TPPS/2 IBM TrackPoint: EmulateWheelButton: 4, EmulateWheelInertia: 10, EmulateWheelTimeout: 200
[    23.158] (**) Option "config_info" "udev:/sys/devices/platform/i8042/serio1/serio2/input/input15/event14"
[    23.158] (II) XINPUT: Adding extended input device "TPPS/2 IBM TrackPoint" (type: MOUSE, id 12)
[    23.158] (II) evdev: TPPS/2 IBM TrackPoint: initialized for relative axes.
[    23.159] (**) TPPS/2 IBM TrackPoint: (accel) keeping acceleration scheme 1
[    23.159] (**) TPPS/2 IBM TrackPoint: (accel) acceleration profile 0
[    23.159] (**) TPPS/2 IBM TrackPoint: (accel) acceleration factor: 2.000
[    23.159] (**) TPPS/2 IBM TrackPoint: (accel) acceleration threshold: 4
[    23.159] (II) config/udev: Adding input device TPPS/2 IBM TrackPoint (/dev/input/mouse1)
[    23.159] (II) No input driver specified, ignoring this device.
[    23.159] (II) This device may have been added with another device file.
[    23.159] (II) config/udev: Adding input device PC Speaker (/dev/input/event5)
[    23.159] (II) No input driver specified, ignoring this device.
[    23.159] (II) This device may have been added with another device file.
[    23.159] (II) config/udev: Adding input device ThinkPad Extra Buttons (/dev/input/event4)
[    23.159] (**) ThinkPad Extra Buttons: Applying InputClass "evdev keyboard catchall"
[    23.160] (II) systemd-logind: got fd for /dev/input/event4 13:68 fd 19 paused 0
[    23.160] (II) Using input driver 'evdev' for 'ThinkPad Extra Buttons'
[    23.160] (**) ThinkPad Extra Buttons: always reports core events
[    23.160] (**) evdev: ThinkPad Extra Buttons: Device: "/dev/input/event4"
[    23.160] (--) evdev: ThinkPad Extra Buttons: Vendor 0x17aa Product 0x5054
[    23.160] (--) evdev: ThinkPad Extra Buttons: Found keys
[    23.160] (II) evdev: ThinkPad Extra Buttons: Configuring as keyboard
[    23.160] (**) Option "config_info" "udev:/sys/devices/platform/thinkpad_acpi/input/input5/event4"
[    23.160] (II) XINPUT: Adding extended input device "ThinkPad Extra Buttons" (type: KEYBOARD, id 13)
[    23.160] (**) Option "xkb_rules" "evdev"
