[   221.048] 
X.Org X Server 1.18.4
Release Date: 2016-07-19
[   221.048] X Protocol Version 11, Revision 0
[   221.048] Build Operating System: Linux 4.5.4-1-ARCH x86_64 
[   221.048] Current Operating System: Linux Manjaro 4.4.22-1-MANJARO #1 SMP PREEMPT Sat Sep 24 11:25:42 UTC 2016 x86_64
[   221.048] Kernel command line: BOOT_IMAGE=/boot/vmlinuz-4.4-x86_64 root=UUID=ec9027d6-8915-4e5a-a41f-e93a7a1b32e3 rw quiet
[   221.048] Build Date: 19 July 2016  05:54:24PM
[   221.048]  
[   221.048] Current version of pixman: 0.34.0
[   221.048] 	Before reporting problems, check http://wiki.x.org
	to make sure that you have the latest version.
[   221.048] Markers: (--) probed, (**) from config file, (==) default setting,
	(++) from command line, (!!) notice, (II) informational,
	(WW) warning, (EE) error, (NI) not implemented, (??) unknown.
[   221.048] (==) Log file: "/home/gengxiaoqi/.local/share/xorg/Xorg.1.log", Time: Sun Oct  2 07:08:50 2016
[   221.048] (==) Using config directory: "/etc/X11/xorg.conf.d"
[   221.048] (==) Using system config directory "/usr/share/X11/xorg.conf.d"
[   221.049] (==) No Layout section.  Using the first Screen section.
[   221.049] (==) No screen section available. Using defaults.
[   221.049] (**) |-->Screen "Default Screen Section" (0)
[   221.049] (**) |   |-->Monitor "<default monitor>"
[   221.049] (==) No device specified for screen "Default Screen Section".
	Using the first device section listed.
[   221.049] (**) |   |-->Device "Device0"
[   221.049] (==) No monitor specified for screen "Default Screen Section".
	Using a default monitor configuration.
[   221.049] (==) Automatically adding devices
[   221.049] (==) Automatically enabling devices
[   221.049] (==) Automatically adding GPU devices
[   221.049] (==) Max clients allowed: 256, resource mask: 0x1fffff
[   221.049] (WW) The directory "/usr/share/fonts/Type1/" does not exist.
[   221.049] 	Entry deleted from font path.
[   221.049] (WW) `fonts.dir' not found (or not valid) in "/usr/share/fonts/100dpi/".
[   221.049] 	Entry deleted from font path.
[   221.049] 	(Run 'mkfontdir' on "/usr/share/fonts/100dpi/").
[   221.049] (WW) `fonts.dir' not found (or not valid) in "/usr/share/fonts/75dpi/".
[   221.049] 	Entry deleted from font path.
[   221.049] 	(Run 'mkfontdir' on "/usr/share/fonts/75dpi/").
[   221.049] (==) FontPath set to:
	/usr/share/fonts/misc/,
	/usr/share/fonts/TTF/,
	/usr/share/fonts/OTF/
[   221.049] (==) ModulePath set to "/usr/lib/xorg/modules"
[   221.049] (**) Extension "Composite" is enabled
[   221.049] (**) Extension "RENDER" is enabled
[   221.049] (II) The server relies on udev to provide the list of input devices.
	If no devices become available, reconfigure udev or disable AutoAddDevices.
[   221.049] (II) Loader magic: 0x821d40
[   221.049] (II) Module ABI versions:
[   221.049] 	X.Org ANSI C Emulation: 0.4
[   221.049] 	X.Org Video Driver: 20.0
[   221.049] 	X.Org XInput driver : 22.1
[   221.049] 	X.Org Server Extension : 9.0
[   221.050] (++) using VT number 3

[   221.050] (--) controlling tty is VT number 3, auto-enabling KeepTty
[   221.053] (II) systemd-logind: took control of session /org/freedesktop/login1/session/c3
[   221.053] (II) xfree86: Adding drm device (/dev/dri/card0)
[   221.054] (II) systemd-logind: got fd for /dev/dri/card0 226:0 fd 8 paused 0
[   221.066] (--) PCI:*(0:0:15:0) 15ad:0405:15ad:0405 rev 0, Mem @ 0xe8000000/134217728, 0xfe000000/8388608, I/O @ 0x00001070/16, BIOS @ 0x????????/32768
[   221.066] (WW) Open ACPI failed (/var/run/acpid.socket) (No such file or directory)
[   221.066] (II) LoadModule: "glx"
[   221.066] (II) Loading /usr/lib/xorg/modules/extensions/libglx.so
[   221.067] (II) Module glx: vendor="X.Org Foundation"
[   221.067] 	compiled for 1.18.4, module version = 1.0.0
[   221.067] 	ABI class: X.Org Server Extension, version 9.0
[   221.067] (==) AIGLX enabled
[   221.067] (II) LoadModule: "vmware"
[   221.067] (II) Loading /usr/lib/xorg/modules/drivers/vmware_drv.so
[   221.080] (II) Module vmware: vendor="X.Org Foundation"
[   221.080] 	compiled for 1.18.0, module version = 13.1.0
[   221.080] 	Module class: X.Org Video Driver
[   221.080] 	ABI class: X.Org Video Driver, version 20.0
[   221.080] (II) vmware: driver for VMware SVGA: vmware0405, vmware0710
[   221.080] (WW) VGA arbiter: cannot open kernel arbiter, no multi-card support
[   221.080] (II) vmware(0): Creating default Display subsection in Screen section
	"Default Screen Section" for depth/fbbpp 24/32
[   221.080] (--) vmware(0): DRM driver version is 2.9.0
[   221.080] (==) vmware(0): Depth 24, (--) framebuffer bpp 32
[   221.080] (==) vmware(0): RGB weight 888
[   221.080] (==) vmware(0): Default visual is TrueColor
[   221.080] (**) vmware(0): Option "DRI" "true"
[   221.080] (--) vmware(0): Min width 1, Max Width 4096.
[   221.080] (--) vmware(0): Min height 1, Max Height 4096.
[   221.080] (II) vmware(0): Output Virtual1 has no monitor section
[   221.080] (II) vmware(0): Output Virtual2 has no monitor section
[   221.080] (II) vmware(0): Output Virtual3 has no monitor section
[   221.080] (II) vmware(0): Output Virtual4 has no monitor section
[   221.080] (II) vmware(0): Output Virtual5 has no monitor section
[   221.081] (II) vmware(0): Output Virtual6 has no monitor section
[   221.081] (II) vmware(0): Output Virtual7 has no monitor section
[   221.081] (II) vmware(0): Output Virtual8 has no monitor section
[   221.081] (II) vmware(0): Modeline "800x600"x60.0   42.75  800 850 900 950  600 650 700 750 -hsync +vsync (45.0 kHz eP)
[   221.081] (II) vmware(0): Modeline "2560x1600"x60.0  348.50  2560 2752 3032 3504  1600 1603 1609 1658 -hsync +vsync (99.5 kHz e)
[   221.081] (II) vmware(0): Modeline "1920x1440"x60.0  234.00  1920 2048 2256 2600  1440 1441 1444 1500 -hsync +vsync (90.0 kHz e)
[   221.081] (II) vmware(0): Modeline "1856x1392"x60.0  218.25  1856 1952 2176 2528  1392 1393 1396 1439 -hsync +vsync (86.3 kHz e)
[   221.081] (II) vmware(0): Modeline "1792x1344"x60.0  204.75  1792 1920 2120 2448  1344 1345 1348 1394 -hsync +vsync (83.6 kHz e)
[   221.081] (II) vmware(0): Modeline "1920x1200"x59.9  193.25  1920 2056 2256 2592  1200 1203 1209 1245 -hsync +vsync (74.6 kHz e)
[   221.081] (II) vmware(0): Modeline "1600x1200"x60.0  162.00  1600 1664 1856 2160  1200 1201 1204 1250 +hsync +vsync (75.0 kHz e)
[   221.081] (II) vmware(0): Modeline "1680x1050"x60.0  146.25  1680 1784 1960 2240  1050 1053 1059 1089 -hsync +vsync (65.3 kHz e)
[   221.081] (II) vmware(0): Modeline "1400x1050"x60.0  121.75  1400 1488 1632 1864  1050 1053 1057 1089 -hsync +vsync (65.3 kHz e)
[   221.081] (II) vmware(0): Modeline "1280x1024"x60.0  108.00  1280 1328 1440 1688  1024 1025 1028 1066 +hsync +vsync (64.0 kHz e)
[   221.081] (II) vmware(0): Modeline "1440x900"x59.9  106.50  1440 1520 1672 1904  900 903 909 934 -hsync +vsync (55.9 kHz e)
[   221.081] (II) vmware(0): Modeline "1280x960"x60.0  108.00  1280 1376 1488 1800  960 961 964 1000 +hsync +vsync (60.0 kHz e)
[   221.081] (II) vmware(0): Modeline "1360x768"x60.0   85.50  1360 1424 1536 1792  768 771 777 795 +hsync +vsync (47.7 kHz e)
[   221.081] (II) vmware(0): Modeline "1280x800"x59.8   83.50  1280 1352 1480 1680  800 803 809 831 +hsync -vsync (49.7 kHz e)
[   221.081] (II) vmware(0): Modeline "1152x864"x75.0  108.00  1152 1216 1344 1600  864 865 868 900 +hsync +vsync (67.5 kHz e)
[   221.081] (II) vmware(0): Modeline "1280x768"x59.9   79.50  1280 1344 1472 1664  768 771 778 798 -hsync +vsync (47.8 kHz e)
[   221.081] (II) vmware(0): Modeline "1024x768"x60.0   65.00  1024 1048 1184 1344  768 771 777 806 -hsync -vsync (48.4 kHz e)
[   221.081] (II) vmware(0): Modeline "800x600"x60.3   40.00  800 840 968 1056  600 601 605 628 +hsync +vsync (37.9 kHz e)
[   221.081] (II) vmware(0): Modeline "640x480"x59.9   25.18  640 656 752 800  480 489 492 525 -hsync -vsync (31.5 kHz e)
[   221.081] (II) vmware(0): Printing probed modes for output Virtual1
[   221.081] (II) vmware(0): Modeline "800x600"x60.0   42.75  800 850 900 950  600 650 700 750 -hsync +vsync (45.0 kHz eP)
[   221.081] (II) vmware(0): Modeline "2560x1600"x60.0  348.50  2560 2752 3032 3504  1600 1603 1609 1658 -hsync +vsync (99.5 kHz e)
[   221.081] (II) vmware(0): Modeline "1920x1440"x60.0  234.00  1920 2048 2256 2600  1440 1441 1444 1500 -hsync +vsync (90.0 kHz e)
[   221.081] (II) vmware(0): Modeline "1856x1392"x60.0  218.25  1856 1952 2176 2528  1392 1393 1396 1439 -hsync +vsync (86.3 kHz e)
[   221.081] (II) vmware(0): Modeline "1792x1344"x60.0  204.75  1792 1920 2120 2448  1344 1345 1348 1394 -hsync +vsync (83.6 kHz e)
[   221.081] (II) vmware(0): Modeline "1920x1200"x59.9  193.25  1920 2056 2256 2592  1200 1203 1209 1245 -hsync +vsync (74.6 kHz e)
[   221.081] (II) vmware(0): Modeline "1600x1200"x60.0  162.00  1600 1664 1856 2160  1200 1201 1204 1250 +hsync +vsync (75.0 kHz e)
[   221.081] (II) vmware(0): Modeline "1680x1050"x60.0  146.25  1680 1784 1960 2240  1050 1053 1059 1089 -hsync +vsync (65.3 kHz e)
[   221.081] (II) vmware(0): Modeline "1400x1050"x60.0  121.75  1400 1488 1632 1864  1050 1053 1057 1089 -hsync +vsync (65.3 kHz e)
[   221.081] (II) vmware(0): Modeline "1280x1024"x60.0  108.00  1280 1328 1440 1688  1024 1025 1028 1066 +hsync +vsync (64.0 kHz e)
[   221.081] (II) vmware(0): Modeline "1440x900"x59.9  106.50  1440 1520 1672 1904  900 903 909 934 -hsync +vsync (55.9 kHz e)
[   221.081] (II) vmware(0): Modeline "1280x960"x60.0  108.00  1280 1376 1488 1800  960 961 964 1000 +hsync +vsync (60.0 kHz e)
[   221.081] (II) vmware(0): Modeline "1360x768"x60.0   85.50  1360 1424 1536 1792  768 771 777 795 +hsync +vsync (47.7 kHz e)
[   221.081] (II) vmware(0): Modeline "1280x800"x59.8   83.50  1280 1352 1480 1680  800 803 809 831 +hsync -vsync (49.7 kHz e)
[   221.081] (II) vmware(0): Modeline "1152x864"x75.0  108.00  1152 1216 1344 1600  864 865 868 900 +hsync +vsync (67.5 kHz e)
[   221.081] (II) vmware(0): Modeline "1280x768"x59.9   79.50  1280 1344 1472 1664  768 771 778 798 -hsync +vsync (47.8 kHz e)
[   221.081] (II) vmware(0): Modeline "1024x768"x60.0   65.00  1024 1048 1184 1344  768 771 777 806 -hsync -vsync (48.4 kHz e)
[   221.081] (II) vmware(0): Modeline "800x600"x60.3   40.00  800 840 968 1056  600 601 605 628 +hsync +vsync (37.9 kHz e)
[   221.081] (II) vmware(0): Modeline "640x480"x59.9   25.18  640 656 752 800  480 489 492 525 -hsync -vsync (31.5 kHz e)
[   221.081] (II) vmware(0): EDID for output Virtual2
[   221.081] (II) vmware(0): EDID for output Virtual3
[   221.081] (II) vmware(0): EDID for output Virtual4
[   221.081] (II) vmware(0): EDID for output Virtual5
[   221.081] (II) vmware(0): EDID for output Virtual6
[   221.081] (II) vmware(0): EDID for output Virtual7
[   221.081] (II) vmware(0): EDID for output Virtual8
[   221.081] (II) vmware(0): Output Virtual1 connected
[   221.081] (II) vmware(0): Output Virtual2 disconnected
[   221.081] (II) vmware(0): Output Virtual3 disconnected
[   221.081] (II) vmware(0): Output Virtual4 disconnected
[   221.081] (II) vmware(0): Output Virtual5 disconnected
[   221.081] (II) vmware(0): Output Virtual6 disconnected
[   221.081] (II) vmware(0): Output Virtual7 disconnected
[   221.081] (II) vmware(0): Output Virtual8 disconnected
[   221.081] (II) vmware(0): Using exact sizes for initial modes
[   221.081] (II) vmware(0): Output Virtual1 using initial mode 800x600 +0+0
[   221.081] (II) vmware(0): Using default gamma of (1.0, 1.0, 1.0) unless otherwise stated.
[   221.081] (==) vmware(0): DPI set to (96, 96)
[   221.081] (II) Loading sub module "fb"
[   221.081] (II) LoadModule: "fb"
[   221.081] (II) Loading /usr/lib/xorg/modules/libfb.so
[   221.081] (II) Module fb: vendor="X.Org Foundation"
[   221.081] 	compiled for 1.18.4, module version = 1.0.0
[   221.081] 	ABI class: X.Org ANSI C Emulation, version 0.4
[   221.081] (II) Loading sub module "dri2"
[   221.081] (II) LoadModule: "dri2"
[   221.081] (II) Module "dri2" already built-in
[   221.081] (==) Depth 24 pixmap format is 32 bpp
[   221.081] (II) vmware(0): Initialized VMWARE_CTRL extension version 0.2
[   221.082] (WW) vmware(0): Failed to initialize Gallium3D Xa. No render acceleration available.
[   221.082] (WW) vmware(0): Skipped initialization of direct rendering due to lack of render acceleration.
[   221.082] (--) vmware(0): Render acceleration is disabled.
[   221.082] (==) vmware(0): Rendercheck mode is disabled.
[   221.082] (--) vmware(0): Direct rendering (3D) is disabled.
[   221.082] (==) vmware(0): Backing store enabled
[   221.082] (==) vmware(0): Silken mouse enabled
[   221.082] (II) vmware(0): RandR 1.2 enabled, ignore the following RandR disabled message.
[   221.082] (==) vmware(0): DPMS enabled
[   221.082] (II) vmware(0): No 3D acceleration. Not setting up textured video.
[   221.082] (--) RandR disabled
[   221.084] (II) AIGLX: Screen 0 is not DRI2 capable
[   221.084] (EE) AIGLX: reverting to software rendering
[   221.085] (II) AIGLX: enabled GLX_MESA_copy_sub_buffer
[   221.086] (II) AIGLX: Loaded and initialized swrast
[   221.086] (II) GLX: Initialized DRISWRAST GL provider for screen 0
[   221.088] (II) vmware(0): Setting screen physical size to 211 x 158
[   221.113] (II) config/udev: Adding input device Power Button (/dev/input/event1)
[   221.113] (**) Power Button: Applying InputClass "evdev keyboard catchall"
[   221.113] (**) Power Button: Applying InputClass "libinput keyboard catchall"
[   221.113] (**) Power Button: Applying InputClass "system-keyboard"
[   221.113] (**) Power Button: Applying InputClass "Keyboard Defaults"
[   221.113] (II) LoadModule: "libinput"
[   221.113] (II) Loading /usr/lib/xorg/modules/input/libinput_drv.so
[   221.114] (II) Module libinput: vendor="X.Org Foundation"
[   221.114] 	compiled for 1.18.4, module version = 0.19.1
[   221.114] 	Module class: X.Org XInput Driver
[   221.114] 	ABI class: X.Org XInput driver, version 22.1
[   221.115] (II) systemd-logind: got fd for /dev/input/event1 13:65 fd 10 paused 0
[   221.115] (II) Using input driver 'libinput' for 'Power Button'
[   221.115] (**) Power Button: always reports core events
[   221.115] (**) Option "Device" "/dev/input/event1"
[   221.115] (**) Option "_source" "server/udev"
[   221.115] (II) input device 'Power Button', /dev/input/event1 is tagged by udev as: Keyboard
[   221.115] (II) input device 'Power Button', /dev/input/event1 is a keyboard
[   221.115] (**) Option "config_info" "udev:/sys/devices/LNXSYSTM:00/LNXPWRBN:00/input/input2/event1"
[   221.115] (II) XINPUT: Adding extended input device "Power Button" (type: KEYBOARD, id 6)
[   221.115] (**) Option "xkb_model" "pc105"
[   221.115] (**) Option "xkb_layout" "us"
[   221.115] (**) Option "xkb_options" "terminate:ctrl_alt_bksp"
[   221.130] (II) input device 'Power Button', /dev/input/event1 is tagged by udev as: Keyboard
[   221.130] (II) input device 'Power Button', /dev/input/event1 is a keyboard
[   221.130] (II) config/udev: Adding input device AT Translated Set 2 keyboard (/dev/input/event0)
[   221.130] (**) AT Translated Set 2 keyboard: Applying InputClass "evdev keyboard catchall"
[   221.130] (**) AT Translated Set 2 keyboard: Applying InputClass "libinput keyboard catchall"
[   221.130] (**) AT Translated Set 2 keyboard: Applying InputClass "system-keyboard"
[   221.130] (**) AT Translated Set 2 keyboard: Applying InputClass "Keyboard Defaults"
[   221.131] (II) systemd-logind: got fd for /dev/input/event0 13:64 fd 13 paused 0
[   221.131] (II) Using input driver 'libinput' for 'AT Translated Set 2 keyboard'
[   221.131] (**) AT Translated Set 2 keyboard: always reports core events
[   221.131] (**) Option "Device" "/dev/input/event0"
[   221.131] (**) Option "_source" "server/udev"
[   221.131] (II) input device 'AT Translated Set 2 keyboard', /dev/input/event0 is tagged by udev as: Keyboard
[   221.131] (II) input device 'AT Translated Set 2 keyboard', /dev/input/event0 is a keyboard
[   221.131] (**) Option "config_info" "udev:/sys/devices/platform/i8042/serio0/input/input0/event0"
[   221.131] (II) XINPUT: Adding extended input device "AT Translated Set 2 keyboard" (type: KEYBOARD, id 7)
[   221.131] (**) Option "xkb_model" "pc105"
[   221.131] (**) Option "xkb_layout" "us"
[   221.131] (**) Option "xkb_options" "terminate:ctrl_alt_bksp"
[   221.132] (II) input device 'AT Translated Set 2 keyboard', /dev/input/event0 is tagged by udev as: Keyboard
[   221.132] (II) input device 'AT Translated Set 2 keyboard', /dev/input/event0 is a keyboard
[   221.132] (II) config/udev: Adding input device VirtualPS/2 VMware VMMouse (/dev/input/event3)
[   221.132] (**) VirtualPS/2 VMware VMMouse: Applying InputClass "evdev pointer catchall"
[   221.132] (**) VirtualPS/2 VMware VMMouse: Applying InputClass "libinput pointer catchall"
[   221.132] (II) systemd-logind: got fd for /dev/input/event3 13:67 fd 14 paused 0
[   221.132] (II) Using input driver 'libinput' for 'VirtualPS/2 VMware VMMouse'
[   221.132] (**) VirtualPS/2 VMware VMMouse: always reports core events
[   221.132] (**) Option "Device" "/dev/input/event3"
[   221.132] (**) Option "_source" "server/udev"
[   221.133] (II) input device 'VirtualPS/2 VMware VMMouse', /dev/input/event3 is tagged by udev as: Mouse
[   221.133] (II) input device 'VirtualPS/2 VMware VMMouse', /dev/input/event3 is a pointer caps
[   221.133] (**) Option "config_info" "udev:/sys/devices/platform/i8042/serio1/input/input3/event3"
[   221.133] (II) XINPUT: Adding extended input device "VirtualPS/2 VMware VMMouse" (type: MOUSE, id 8)
[   221.133] (**) Option "AccelerationScheme" "none"
[   221.133] (**) VirtualPS/2 VMware VMMouse: (accel) selected scheme none/0
[   221.133] (**) VirtualPS/2 VMware VMMouse: (accel) acceleration factor: 2.000
[   221.133] (**) VirtualPS/2 VMware VMMouse: (accel) acceleration threshold: 4
[   221.133] (II) input device 'VirtualPS/2 VMware VMMouse', /dev/input/event3 is tagged by udev as: Mouse
[   221.133] (II) input device 'VirtualPS/2 VMware VMMouse', /dev/input/event3 is a pointer caps
[   221.133] (II) config/udev: Adding input device VirtualPS/2 VMware VMMouse (/dev/input/mouse1)
[   221.133] (II) No input driver specified, ignoring this device.
[   221.133] (II) This device may have been added with another device file.
[   221.133] (II) config/udev: Adding input device VirtualPS/2 VMware VMMouse (/dev/input/event2)
[   221.133] (**) VirtualPS/2 VMware VMMouse: Applying InputClass "evdev pointer catchall"
[   221.133] (**) VirtualPS/2 VMware VMMouse: Applying InputClass "libinput pointer catchall"
[   221.134] (II) systemd-logind: got fd for /dev/input/event2 13:66 fd 15 paused 0
[   221.134] (II) Using input driver 'libinput' for 'VirtualPS/2 VMware VMMouse'
[   221.134] (**) VirtualPS/2 VMware VMMouse: always reports core events
[   221.134] (**) Option "Device" "/dev/input/event2"
[   221.134] (**) Option "_source" "server/udev"
[   221.134] (II) input device 'VirtualPS/2 VMware VMMouse', /dev/input/event2 is tagged by udev as: Mouse
[   221.134] (II) input device 'VirtualPS/2 VMware VMMouse', /dev/input/event2 is a pointer caps
[   221.134] (**) Option "config_info" "udev:/sys/devices/platform/i8042/serio1/input/input4/event2"
[   221.134] (II) XINPUT: Adding extended input device "VirtualPS/2 VMware VMMouse" (type: MOUSE, id 9)
[   221.134] (**) Option "AccelerationScheme" "none"
[   221.134] (**) VirtualPS/2 VMware VMMouse: (accel) selected scheme none/0
[   221.134] (**) VirtualPS/2 VMware VMMouse: (accel) acceleration factor: 2.000
[   221.134] (**) VirtualPS/2 VMware VMMouse: (accel) acceleration threshold: 4
[   221.135] (II) input device 'VirtualPS/2 VMware VMMouse', /dev/input/event2 is tagged by udev as: Mouse
[   221.135] (II) input device 'VirtualPS/2 VMware VMMouse', /dev/input/event2 is a pointer caps
[   221.135] (II) config/udev: Adding input device VirtualPS/2 VMware VMMouse (/dev/input/mouse0)
[   221.135] (II) No input driver specified, ignoring this device.
[   221.135] (II) This device may have been added with another device file.
[   234.205] (**) Option "fd" "10"
[   234.205] (**) Option "fd" "13"
[   234.206] (**) Option "fd" "14"
[   234.206] (**) Option "fd" "15"
[   234.207] (II) UnloadModule: "libinput"
[   234.208] (II) systemd-logind: releasing fd for 13:66
[   234.261] (II) UnloadModule: "libinput"
[   234.267] (II) systemd-logind: releasing fd for 13:67
[   234.293] (II) UnloadModule: "libinput"
[   234.293] (II) systemd-logind: releasing fd for 13:64
[   234.327] (II) UnloadModule: "libinput"
[   234.327] (II) systemd-logind: releasing fd for 13:65
[   234.341] (WW) xf86CloseConsole: KDSETMODE failed: Input/output error
[   234.342] (WW) xf86CloseConsole: VT_GETMODE failed: Input/output error
[   234.342] (WW) xf86CloseConsole: VT_ACTIVATE failed: Input/output error
[   234.344] (II) Server terminated successfully (0). Closing log file.
